Arguments: 
  /opt/homebrew/Cellar/node/15.5.1/bin/node /opt/homebrew/Cellar/yarn/1.22.10/libexec/bin/yarn.js

PATH: 
  /opt/homebrew/bin:/usr/local/bin:/usr/bin:/bin:/usr/sbin:/sbin:/opt/homebrew/bin:/Applications/Keybase.app/Contents/SharedSupport/bin

Yarn version: 
  1.22.10

Node version: 
  15.5.1

Platform: 
  darwin arm64

Trace: 
  SyntaxError: /Users/kit/src/nocturne-blog/package.json: Unexpected string in JSON at position 27
      at JSON.parse (<anonymous>)
      at /opt/homebrew/Cellar/yarn/1.22.10/libexec/lib/cli.js:1625:59
      at Generator.next (<anonymous>)
      at step (/opt/homebrew/Cellar/yarn/1.22.10/libexec/lib/cli.js:310:30)
      at /opt/homebrew/Cellar/yarn/1.22.10/libexec/lib/cli.js:321:13

npm manifest: 
  {
    "name": "Nocturne blog"",
    "version": "0.0.1",
    "description": "blog",
    "main": "index.js",
    "authors": {
      "name": "Kit Randel",
      "email": "kit@nocturne.net.nz"
    },
    "repository": "http://github.com/squidsoup/blog/",
    "scripts": {
      "dev": "vuepress dev blog",
      "build": "vuepress build blog"
    },
    "license": "MIT",
    "devDependencies": {
      "vuepress": "^1.3.1",
      "@vuepress/theme-blog": "^2.1.0"
    }
  }

yarn manifest: 
  No manifest

Lockfile: 
  No lockfile
